<?xml version="1.0" encoding="UTF-8"?>
<coverage generated="1431243970">
  <project timestamp="1431243970">
    <file name="/Users/holyshared/Documents/projects/analyzer/src/Collection.php">
      <metrics loc="45" ncloc="21" classes="0" methods="0" coveredmethods="0" conditionals="0" coveredconditionals="0" statements="0" coveredstatements="0" elements="0" coveredelements="0"/>
    </file>
    <package name="cloak\collection">
      <file name="/Users/holyshared/Documents/projects/analyzer/src/collection/PairStackable.php">
        <class name="PairStackable" namespace="cloak\collection" fullPackage="cloak" package="cloak">
          <metrics methods="8" coveredmethods="2" conditionals="0" coveredconditionals="0" statements="15" coveredstatements="2" elements="23" coveredelements="4"/>
        </class>
        <line num="33" type="method" name="first" crap="2" count="0"/>
        <line num="35" type="stmt" count="0"/>
        <line num="36" type="stmt" count="0"/>
        <line num="42" type="method" name="last" crap="2" count="0"/>
        <line num="44" type="stmt" count="0"/>
        <line num="45" type="stmt" count="0"/>
        <line num="52" type="method" name="returnValue" crap="6" count="0"/>
        <line num="54" type="stmt" count="0"/>
        <line num="55" type="stmt" count="0"/>
        <line num="57" type="stmt" count="0"/>
        <line num="59" type="stmt" count="0"/>
        <line num="65" type="method" name="toArray" crap="2" count="0"/>
        <line num="67" type="stmt" count="0"/>
        <line num="74" type="method" name="createArray" crap="2" count="0"/>
        <line num="76" type="stmt" count="0"/>
        <line num="77" type="stmt" count="0"/>
        <line num="79" type="stmt" count="0"/>
        <line num="85" type="method" name="isEmpty" crap="1" count="1"/>
        <line num="87" type="stmt" count="1"/>
        <line num="93" type="method" name="count" crap="1" count="1"/>
        <line num="95" type="stmt" count="1"/>
        <line num="101" type="method" name="getIterator" crap="2" count="0"/>
        <line num="103" type="stmt" count="0"/>
        <metrics loc="106" ncloc="65" classes="1" methods="8" coveredmethods="2" conditionals="0" coveredconditionals="0" statements="15" coveredstatements="2" elements="23" coveredelements="4"/>
      </file>
    </package>
    <file name="/Users/holyshared/Documents/projects/analyzer/src/driver/Adaptor.php">
      <metrics loc="29" ncloc="14" classes="0" methods="0" coveredmethods="0" conditionals="0" coveredconditionals="0" statements="0" coveredstatements="0" elements="0" coveredelements="0"/>
    </file>
    <package name="cloak\driver">
      <file name="/Users/holyshared/Documents/projects/analyzer/src/driver/AdaptorDetector.php">
        <class name="AdaptorDetector" namespace="cloak\driver" fullPackage="cloak" package="cloak">
          <metrics methods="2" coveredmethods="2" conditionals="0" coveredconditionals="0" statements="13" coveredstatements="13" elements="15" coveredelements="15"/>
        </class>
        <line num="34" type="method" name="__construct" crap="1" count="1"/>
        <line num="36" type="stmt" count="1"/>
        <line num="37" type="stmt" count="1"/>
        <line num="43" type="method" name="detect" crap="4" count="1"/>
        <line num="45" type="stmt" count="1"/>
        <line num="46" type="stmt" count="1"/>
        <line num="48" type="stmt" count="1"/>
        <line num="50" type="stmt" count="1"/>
        <line num="51" type="stmt" count="1"/>
        <line num="52" type="stmt" count="1"/>
        <line num="53" type="stmt" count="1"/>
        <line num="55" type="stmt" count="1"/>
        <line num="57" type="stmt" count="1"/>
        <line num="58" type="stmt" count="1"/>
        <line num="61" type="stmt" count="1"/>
        <metrics loc="64" ncloc="42" classes="1" methods="2" coveredmethods="2" conditionals="0" coveredconditionals="0" statements="13" coveredstatements="13" elements="15" coveredelements="15"/>
      </file>
      <file name="/Users/holyshared/Documents/projects/analyzer/src/driver/AnalyzerDriver.php">
        <class name="AnalyzerDriver" namespace="cloak\driver" fullPackage="cloak" package="cloak">
          <metrics methods="5" coveredmethods="5" conditionals="0" coveredconditionals="0" statements="11" coveredstatements="11" elements="16" coveredelements="16"/>
        </class>
        <line num="42" type="method" name="__construct" crap="1" count="1"/>
        <line num="44" type="stmt" count="1"/>
        <line num="45" type="stmt" count="1"/>
        <line num="48" type="method" name="start" crap="1" count="1"/>
        <line num="50" type="stmt" count="1"/>
        <line num="51" type="stmt" count="1"/>
        <line num="52" type="stmt" count="1"/>
        <line num="54" type="method" name="stop" crap="1" count="1"/>
        <line num="56" type="stmt" count="1"/>
        <line num="57" type="stmt" count="1"/>
        <line num="58" type="stmt" count="1"/>
        <line num="59" type="stmt" count="1"/>
        <line num="64" type="method" name="isStarted" crap="1" count="1"/>
        <line num="66" type="stmt" count="1"/>
        <line num="72" type="method" name="getAnalyzeResult" crap="1" count="1"/>
        <line num="74" type="stmt" count="1"/>
        <metrics loc="77" ncloc="47" classes="1" methods="5" coveredmethods="5" conditionals="0" coveredconditionals="0" statements="11" coveredstatements="11" elements="16" coveredelements="16"/>
      </file>
      <file name="/Users/holyshared/Documents/projects/analyzer/src/driver/Result.php">
        <class name="Result" namespace="cloak\driver" fullPackage="cloak" package="cloak">
          <metrics methods="12" coveredmethods="5" conditionals="0" coveredconditionals="0" statements="29" coveredstatements="17" elements="41" coveredelements="22"/>
        </class>
        <line num="36" type="method" name="__construct" crap="1" count="1"/>
        <line num="37" type="stmt" count="1"/>
        <line num="38" type="stmt" count="1"/>
        <line num="39" type="stmt" count="1"/>
        <line num="45" type="method" name="fromArray" crap="1" count="1"/>
        <line num="47" type="stmt" count="1"/>
        <line num="48" type="stmt" count="1"/>
        <line num="55" type="method" name="parseResult" crap="3.01" count="1"/>
        <line num="57" type="stmt" count="1"/>
        <line num="59" type="stmt" count="1"/>
        <line num="61" type="stmt" count="1"/>
        <line num="62" type="stmt" count="1"/>
        <line num="63" type="stmt" count="0"/>
        <line num="65" type="stmt" count="1"/>
        <line num="66" type="stmt" count="1"/>
        <line num="67" type="stmt" count="1"/>
        <line num="69" type="stmt" count="1"/>
        <line num="75" type="method" name="addFile" crap="1" count="1"/>
        <line num="77" type="stmt" count="1"/>
        <line num="78" type="stmt" count="1"/>
        <line num="83" type="method" name="getFiles" crap="2" count="0"/>
        <line num="85" type="stmt" count="0"/>
        <line num="92" type="method" name="includeFile" crap="2" count="0"/>
        <line num="94" type="stmt" count="0"/>
        <line num="95" type="stmt" count="0"/>
        <line num="102" type="method" name="includeFiles" crap="2" count="0"/>
        <line num="104" type="stmt" count="0"/>
        <line num="105" type="stmt" count="0"/>
        <line num="112" type="method" name="excludeFile" crap="2" count="0"/>
        <line num="114" type="stmt" count="0"/>
        <line num="115" type="stmt" count="0"/>
        <line num="122" type="method" name="excludeFiles" crap="2" count="0"/>
        <line num="124" type="stmt" count="0"/>
        <line num="125" type="stmt" count="0"/>
        <line num="131" type="method" name="getFileCount" crap="1" count="1"/>
        <line num="133" type="stmt" count="1"/>
        <line num="139" type="method" name="isEmpty" crap="1" count="1"/>
        <line num="141" type="stmt" count="1"/>
        <line num="148" type="method" name="createNew" crap="2" count="0"/>
        <line num="150" type="stmt" count="0"/>
        <line num="151" type="stmt" count="0"/>
        <metrics loc="154" ncloc="96" classes="1" methods="12" coveredmethods="5" conditionals="0" coveredconditionals="0" statements="29" coveredstatements="17" elements="41" coveredelements="22"/>
      </file>
    </package>
    <file name="/Users/holyshared/Documents/projects/analyzer/src/driver/AdaptorDetectorInterface.php">
      <metrics loc="27" ncloc="11" classes="0" methods="0" coveredmethods="0" conditionals="0" coveredconditionals="0" statements="0" coveredstatements="0" elements="0" coveredelements="0"/>
    </file>
    <file name="/Users/holyshared/Documents/projects/analyzer/src/driver/Driver.php">
      <metrics loc="41" ncloc="17" classes="0" methods="0" coveredmethods="0" conditionals="0" coveredconditionals="0" statements="0" coveredstatements="0" elements="0" coveredelements="0"/>
    </file>
    <package name="cloak\driver\adaptor">
      <file name="/Users/holyshared/Documents/projects/analyzer/src/driver/adaptor/AdaptorNotAvailableException.php">
        <class name="AdaptorNotAvailableException" namespace="cloak\driver\adaptor" fullPackage="cloak" package="cloak">
          <metrics methods="0" coveredmethods="0" conditionals="0" coveredconditionals="0" statements="0" coveredstatements="0" elements="0" coveredelements="0"/>
        </class>
        <metrics loc="22" ncloc="10" classes="1" methods="0" coveredmethods="0" conditionals="0" coveredconditionals="0" statements="0" coveredstatements="0" elements="0" coveredelements="0"/>
      </file>
      <file name="/Users/holyshared/Documents/projects/analyzer/src/driver/adaptor/AdaptorNotFoundException.php">
        <class name="AdaptorNotFoundException" namespace="cloak\driver\adaptor" fullPackage="cloak" package="cloak">
          <metrics methods="1" coveredmethods="1" conditionals="0" coveredconditionals="0" statements="2" coveredstatements="2" elements="3" coveredelements="3"/>
        </class>
        <line num="27" type="method" name="__construct" crap="1" count="1"/>
        <line num="29" type="stmt" count="1"/>
        <line num="30" type="stmt" count="1"/>
        <metrics loc="32" ncloc="17" classes="1" methods="1" coveredmethods="1" conditionals="0" coveredconditionals="0" statements="2" coveredstatements="2" elements="3" coveredelements="3"/>
      </file>
      <file name="/Users/holyshared/Documents/projects/analyzer/src/driver/adaptor/HHVMAdaptor.php">
        <class name="HHVMAdaptor" namespace="cloak\driver\adaptor" fullPackage="cloak" package="cloak">
          <metrics methods="3" coveredmethods="0" conditionals="0" coveredconditionals="0" statements="13" coveredstatements="0" elements="16" coveredelements="0"/>
        </class>
        <line num="24" type="method" name="__construct" crap="6" count="0"/>
        <line num="25" type="stmt" count="0"/>
        <line num="26" type="stmt" count="0"/>
        <line num="27" type="stmt" count="0"/>
        <line num="28" type="stmt" count="0"/>
        <line num="29" type="stmt" count="0"/>
        <line num="31" type="method" name="start" crap="2" count="0"/>
        <line num="32" type="stmt" count="0"/>
        <line num="33" type="stmt" count="0"/>
        <line num="34" type="stmt" count="0"/>
        <line num="36" type="method" name="stop" crap="2" count="0"/>
        <line num="37" type="stmt" count="0"/>
        <line num="38" type="stmt" count="0"/>
        <line num="39" type="stmt" count="0"/>
        <line num="41" type="stmt" count="0"/>
        <line num="42" type="stmt" count="0"/>
        <metrics loc="44" ncloc="32" classes="1" methods="3" coveredmethods="0" conditionals="0" coveredconditionals="0" statements="13" coveredstatements="0" elements="16" coveredelements="0"/>
      </file>
      <file name="/Users/holyshared/Documents/projects/analyzer/src/driver/adaptor/XdebugAdaptor.php">
        <class name="XdebugAdaptor" namespace="cloak\driver\adaptor" fullPackage="cloak" package="cloak">
          <metrics methods="5" coveredmethods="0" conditionals="0" coveredconditionals="0" statements="22" coveredstatements="0" elements="27" coveredelements="0"/>
        </class>
        <line num="24" type="method" name="__construct" crap="20" count="0"/>
        <line num="25" type="stmt" count="0"/>
        <line num="26" type="stmt" count="0"/>
        <line num="27" type="stmt" count="0"/>
        <line num="28" type="stmt" count="0"/>
        <line num="30" type="stmt" count="0"/>
        <line num="31" type="stmt" count="0"/>
        <line num="32" type="stmt" count="0"/>
        <line num="33" type="stmt" count="0"/>
        <line num="35" type="method" name="start" crap="2" count="0"/>
        <line num="36" type="stmt" count="0"/>
        <line num="37" type="stmt" count="0"/>
        <line num="38" type="stmt" count="0"/>
        <line num="40" type="method" name="stop" crap="2" count="0"/>
        <line num="41" type="stmt" count="0"/>
        <line num="42" type="stmt" count="0"/>
        <line num="43" type="stmt" count="0"/>
        <line num="45" type="stmt" count="0"/>
        <line num="46" type="stmt" count="0"/>
        <line num="51" type="method" name="isSupportXdebugVersion" crap="2" count="0"/>
        <line num="52" type="stmt" count="0"/>
        <line num="53" type="stmt" count="0"/>
        <line num="54" type="stmt" count="0"/>
        <line num="59" type="method" name="isXdebugCoverageEnabled" crap="2" count="0"/>
        <line num="60" type="stmt" count="0"/>
        <line num="61" type="stmt" count="0"/>
        <line num="62" type="stmt" count="0"/>
        <metrics loc="64" ncloc="46" classes="1" methods="5" coveredmethods="0" conditionals="0" coveredconditionals="0" statements="22" coveredstatements="0" elements="27" coveredelements="0"/>
      </file>
    </package>
    <package name="cloak\driver\result">
      <file name="/Users/holyshared/Documents/projects/analyzer/src/driver/result/FileNotFoundException.php">
        <class name="FileNotFoundException" namespace="cloak\driver\result" fullPackage="cloak" package="cloak">
          <metrics methods="0" coveredmethods="0" conditionals="0" coveredconditionals="0" statements="0" coveredstatements="0" elements="0" coveredelements="0"/>
        </class>
        <metrics loc="22" ncloc="10" classes="1" methods="0" coveredmethods="0" conditionals="0" coveredconditionals="0" statements="0" coveredstatements="0" elements="0" coveredelements="0"/>
      </file>
      <file name="/Users/holyshared/Documents/projects/analyzer/src/driver/result/FileResult.php">
        <class name="FileResult" namespace="cloak\driver\result" fullPackage="cloak" package="cloak">
          <metrics methods="5" coveredmethods="3" conditionals="0" coveredconditionals="0" statements="17" coveredstatements="10" elements="22" coveredelements="13"/>
        </class>
        <line num="40" type="method" name="__construct" crap="2" count="1"/>
        <line num="43" type="stmt" count="1"/>
        <line num="45" type="stmt" count="1"/>
        <line num="46" type="stmt" count="1"/>
        <line num="48" type="stmt" count="1"/>
        <line num="49" type="stmt" count="1"/>
        <line num="50" type="stmt" count="1"/>
        <line num="55" type="method" name="getPath" crap="1" count="1"/>
        <line num="57" type="stmt" count="1"/>
        <line num="63" type="method" name="getLineResults" crap="2" count="0"/>
        <line num="65" type="stmt" count="0"/>
        <line num="72" type="method" name="matchPath" crap="2" count="1"/>
        <line num="74" type="stmt" count="1"/>
        <line num="75" type="stmt" count="1"/>
        <line num="77" type="stmt" count="1"/>
        <line num="84" type="method" name="matchPaths" crap="12" count="0"/>
        <line num="86" type="stmt" count="0"/>
        <line num="87" type="stmt" count="0"/>
        <line num="88" type="stmt" count="0"/>
        <line num="90" type="stmt" count="0"/>
        <line num="91" type="stmt" count="0"/>
        <line num="93" type="stmt" count="0"/>
        <metrics loc="96" ncloc="55" classes="1" methods="5" coveredmethods="3" conditionals="0" coveredconditionals="0" statements="17" coveredstatements="10" elements="22" coveredelements="13"/>
      </file>
    </package>
    <package name="cloak\driver\result\collection">
      <file name="/Users/holyshared/Documents/projects/analyzer/src/driver/result/collection/FileResultCollection.php">
        <class name="FileResultCollection" namespace="cloak\driver\result\collection" fullPackage="cloak" package="cloak">
          <metrics methods="8" coveredmethods="2" conditionals="0" coveredconditionals="0" statements="21" coveredstatements="4" elements="29" coveredelements="6"/>
        </class>
        <line num="35" type="method" name="__construct" crap="1" count="1"/>
        <line num="37" type="stmt" count="1"/>
        <line num="38" type="stmt" count="1"/>
        <line num="43" type="method" name="add" crap="1" count="1"/>
        <line num="45" type="stmt" count="1"/>
        <line num="46" type="stmt" count="1"/>
        <line num="51" type="method" name="all" crap="2" count="0"/>
        <line num="53" type="stmt" count="0"/>
        <line num="60" type="method" name="includeFile" crap="2" count="0"/>
        <line num="62" type="stmt" count="0"/>
        <line num="63" type="stmt" count="0"/>
        <line num="70" type="method" name="includeFiles" crap="6" count="0"/>
        <line num="72" type="stmt" count="0"/>
        <line num="74" type="stmt" count="0"/>
        <line num="75" type="stmt" count="0"/>
        <line num="76" type="stmt" count="0"/>
        <line num="78" type="stmt" count="0"/>
        <line num="85" type="method" name="excludeFile" crap="2" count="0"/>
        <line num="87" type="stmt" count="0"/>
        <line num="88" type="stmt" count="0"/>
        <line num="95" type="method" name="excludeFiles" crap="6" count="0"/>
        <line num="97" type="stmt" count="0"/>
        <line num="99" type="stmt" count="0"/>
        <line num="100" type="stmt" count="0"/>
        <line num="101" type="stmt" count="0"/>
        <line num="103" type="stmt" count="0"/>
        <line num="110" type="method" name="createNew" crap="2" count="0"/>
        <line num="112" type="stmt" count="0"/>
        <line num="113" type="stmt" count="0"/>
        <metrics loc="116" ncloc="75" classes="1" methods="8" coveredmethods="2" conditionals="0" coveredconditionals="0" statements="21" coveredstatements="4" elements="29" coveredelements="6"/>
      </file>
    </package>
    <package name="cloak\result">
      <file name="/Users/holyshared/Documents/projects/analyzer/src/result/LineResult.php">
        <class name="LineResult" namespace="cloak\result" fullPackage="cloak" package="cloak">
          <metrics methods="12" coveredmethods="0" conditionals="0" coveredconditionals="0" statements="18" coveredstatements="0" elements="30" coveredelements="0"/>
        </class>
        <line num="29" type="method" name="__construct" crap="2" count="0"/>
        <line num="31" type="stmt" count="0"/>
        <line num="32" type="stmt" count="0"/>
        <line num="33" type="stmt" count="0"/>
        <line num="34" type="stmt" count="0"/>
        <line num="36" type="method" name="isFileAssociated" crap="2" count="0"/>
        <line num="38" type="stmt" count="0"/>
        <line num="41" type="method" name="link" crap="2" count="0"/>
        <line num="43" type="stmt" count="0"/>
        <line num="44" type="stmt" count="0"/>
        <line num="46" type="method" name="unlink" crap="2" count="0"/>
        <line num="48" type="stmt" count="0"/>
        <line num="49" type="stmt" count="0"/>
        <line num="51" type="method" name="getFile" crap="2" count="0"/>
        <line num="53" type="stmt" count="0"/>
        <line num="56" type="method" name="getLineNumber" crap="2" count="0"/>
        <line num="58" type="stmt" count="0"/>
        <line num="61" type="method" name="getAnalyzeResult" crap="2" count="0"/>
        <line num="63" type="stmt" count="0"/>
        <line num="66" type="method" name="isDead" crap="2" count="0"/>
        <line num="68" type="stmt" count="0"/>
        <line num="71" type="method" name="isUnused" crap="2" count="0"/>
        <line num="73" type="stmt" count="0"/>
        <line num="76" type="method" name="isExecuted" crap="2" count="0"/>
        <line num="78" type="stmt" count="0"/>
        <line num="81" type="method" name="isValid" crap="20" count="0"/>
        <line num="83" type="stmt" count="0"/>
        <line num="84" type="stmt" count="0"/>
        <line num="87" type="method" name="equals" crap="6" count="0"/>
        <line num="89" type="stmt" count="0"/>
        <metrics loc="92" ncloc="80" classes="1" methods="12" coveredmethods="0" conditionals="0" coveredconditionals="0" statements="18" coveredstatements="0" elements="30" coveredelements="0"/>
      </file>
    </package>
    <metrics files="16" loc="1031" ncloc="638" classes="12" methods="61" coveredmethods="20" conditionals="0" coveredconditionals="0" statements="161" coveredstatements="59" elements="222" coveredelements="79"/>
  </project>
</coverage>
